[2026-04-06 17:52:15,366][isaaclab.app.app_launcher][WARNING] - The '--headless' CLI argument is deprecated. Omit '--viz' for default headless. If config visualizers are enabled and you want to force headless, use '--viz none'.
[2026-04-06 17:52:15,366][isaaclab.app.app_launcher][INFO] - Using device: cuda:0
[2026-04-06 17:52:15,367][isaaclab.app.app_launcher][INFO] - Loading experience file: /home/horde/IsaacLab/apps/isaaclab.python.headless.kit
[2026-04-06 17:52:15,763][asyncio][DEBUG] - Using selector: EpollSelector
[2026-04-06 17:52:15,837][omni.kit.registry.nucleus.registry_manager][INFO] - 'trusted' is not set for registry 'kit/default' in '/exts/omni.kit.registry.nucleus/registries'
[2026-04-06 17:52:15,838][omni.kit.registry.nucleus.registry_manager][INFO] - 'trusted' is not set for registry 'kit/sdk' in '/exts/omni.kit.registry.nucleus/registries'
[2026-04-06 17:52:15,838][omni.kit.registry.nucleus.registry_manager][INFO] - 'trusted' is not set for registry 'kit/prod/default' in '/exts/omni.kit.registry.nucleus/registries'
[2026-04-06 17:52:15,838][omni.kit.registry.nucleus.registry_manager][INFO] - 'trusted' is not set for registry 'kit/prod/sdk' in '/exts/omni.kit.registry.nucleus/registries'
[2026-04-06 17:52:25,608][packman.link][INFO] - Created symbolic link
[2026-04-06 17:52:25,664][packman.link][INFO] - Created symbolic link
[2026-04-06 17:52:25,667][packman.link][INFO] - Created symbolic link
[2026-04-06 17:52:25,671][packman.link][INFO] - Created symbolic link
[2026-04-06 17:52:25,674][packman.link][INFO] - Created symbolic link
[2026-04-06 17:52:25,677][packman.link][INFO] - Created symbolic link
[2026-04-06 17:52:25,681][packman.link][INFO] - Created symbolic link
[2026-04-06 17:52:25,684][packman.link][INFO] - Created symbolic link
[2026-04-06 17:52:25,688][packman.link][INFO] - Created symbolic link
[2026-04-06 17:52:25,691][packman.link][INFO] - Created symbolic link
[2026-04-06 17:52:25,695][packman.link][INFO] - Created symbolic link
[2026-04-06 17:52:25,698][packman.link][INFO] - Created symbolic link
[2026-04-06 17:52:25,701][packman.link][INFO] - Created symbolic link
[2026-04-06 17:52:25,705][packman.link][INFO] - Created symbolic link
[2026-04-06 17:52:25,708][packman.link][INFO] - Created symbolic link
[2026-04-06 17:52:25,712][packman.link][INFO] - Created symbolic link
[2026-04-06 17:52:25,715][packman.link][INFO] - Created symbolic link
[2026-04-06 17:52:25,718][packman.link][INFO] - Created symbolic link
[2026-04-06 17:52:25,721][packman.link][INFO] - Created symbolic link
[2026-04-06 17:52:25,725][packman.link][INFO] - Created symbolic link
[2026-04-06 17:52:25,728][packman.link][INFO] - Created symbolic link
[2026-04-06 17:52:25,731][packman.link][INFO] - Created symbolic link
[2026-04-06 17:52:25,736][packman.link][INFO] - Created symbolic link
[2026-04-06 17:52:25,741][packman.link][INFO] - Created symbolic link
[2026-04-06 17:52:25,744][packman.link][INFO] - Created symbolic link
[2026-04-06 17:52:25,749][packman.link][INFO] - Created symbolic link
[2026-04-06 17:52:25,753][packman.link][INFO] - Created symbolic link
[2026-04-06 17:52:25,757][packman.link][INFO] - Created symbolic link
[2026-04-06 17:52:25,760][packman.link][INFO] - Created symbolic link
[2026-04-06 17:52:25,764][packman.link][INFO] - Created symbolic link
[2026-04-06 17:52:25,767][packman.link][INFO] - Created symbolic link
[2026-04-06 17:52:25,770][packman.link][INFO] - Created symbolic link
[2026-04-06 17:52:25,774][packman.link][INFO] - Created symbolic link
[2026-04-06 17:52:25,777][packman.link][INFO] - Created symbolic link
[2026-04-06 17:52:25,780][packman.link][INFO] - Created symbolic link
[2026-04-06 17:52:25,784][packman.link][INFO] - Created symbolic link
[2026-04-06 17:52:25,787][packman.link][INFO] - Created symbolic link
[2026-04-06 17:52:25,791][packman.link][INFO] - Created symbolic link
[2026-04-06 17:52:25,794][packman.link][INFO] - Created symbolic link
[2026-04-06 17:52:25,797][packman.link][INFO] - Created symbolic link
[2026-04-06 17:52:25,801][packman.link][INFO] - Created symbolic link
[2026-04-06 17:52:25,804][packman.link][INFO] - Created symbolic link
[2026-04-06 17:52:25,807][packman.link][INFO] - Created symbolic link
[2026-04-06 17:52:25,810][packman.link][INFO] - Created symbolic link
[2026-04-06 17:52:25,814][packman.link][INFO] - Created symbolic link
[2026-04-06 17:52:25,818][packman.link][INFO] - Created symbolic link
[2026-04-06 17:52:25,823][packman.link][INFO] - Created symbolic link
[2026-04-06 17:52:25,827][packman.link][INFO] - Created symbolic link
[2026-04-06 17:52:25,832][packman.link][INFO] - Created symbolic link
[2026-04-06 17:52:25,837][packman.link][INFO] - Created symbolic link
[2026-04-06 17:52:25,842][packman.link][INFO] - Created symbolic link
[2026-04-06 17:52:25,847][packman.link][INFO] - Created symbolic link
[2026-04-06 17:52:25,851][packman.link][INFO] - Created symbolic link
[2026-04-06 17:52:25,855][packman.link][INFO] - Created symbolic link
[2026-04-06 17:52:25,860][packman.link][INFO] - Created symbolic link
[2026-04-06 17:52:25,867][packman.link][INFO] - Created symbolic link
