[2026-04-06 18:00:39,768][isaaclab.app.app_launcher][WARNING] - The '--headless' CLI argument is deprecated. Omit '--viz' for default headless. If config visualizers are enabled and you want to force headless, use '--viz none'.
[2026-04-06 18:00:39,768][isaaclab.app.app_launcher][INFO] - Using device: cuda:0
[2026-04-06 18:00:39,769][isaaclab.app.app_launcher][INFO] - Loading experience file: /home/horde/IsaacLab/apps/isaaclab.python.headless.kit
[2026-04-06 18:00:40,076][asyncio][DEBUG] - Using selector: EpollSelector
[2026-04-06 18:00:40,156][omni.kit.registry.nucleus.registry_manager][INFO] - 'trusted' is not set for registry 'kit/default' in '/exts/omni.kit.registry.nucleus/registries'
[2026-04-06 18:00:40,157][omni.kit.registry.nucleus.registry_manager][INFO] - 'trusted' is not set for registry 'kit/sdk' in '/exts/omni.kit.registry.nucleus/registries'
[2026-04-06 18:00:40,157][omni.kit.registry.nucleus.registry_manager][INFO] - 'trusted' is not set for registry 'kit/prod/default' in '/exts/omni.kit.registry.nucleus/registries'
[2026-04-06 18:00:40,157][omni.kit.registry.nucleus.registry_manager][INFO] - 'trusted' is not set for registry 'kit/prod/sdk' in '/exts/omni.kit.registry.nucleus/registries'
[2026-04-06 18:00:45,981][packman.link][INFO] - Created symbolic link
[2026-04-06 18:00:45,987][packman.link][INFO] - Created symbolic link
[2026-04-06 18:00:45,990][packman.link][INFO] - Created symbolic link
[2026-04-06 18:00:45,993][packman.link][INFO] - Created symbolic link
[2026-04-06 18:00:45,996][packman.link][INFO] - Created symbolic link
[2026-04-06 18:00:46,001][packman.link][INFO] - Created symbolic link
[2026-04-06 18:00:46,004][packman.link][INFO] - Created symbolic link
[2026-04-06 18:00:46,008][packman.link][INFO] - Created symbolic link
[2026-04-06 18:00:46,011][packman.link][INFO] - Created symbolic link
[2026-04-06 18:00:46,014][packman.link][INFO] - Created symbolic link
[2026-04-06 18:00:46,017][packman.link][INFO] - Created symbolic link
[2026-04-06 18:00:46,021][packman.link][INFO] - Created symbolic link
